grouping: OE
['Fall', '152', '153', '320', '323', '324', '325', '326', '327', '328', '330', '331', '332', '336', '337', '342', '348', '352', '353', '354', '356', '357', '358', '361', '362', '363', '365', '368', '371', '373', '376', '380', '392', '393', '751', '752', '753', '777']
38
num headers data: 35
chunk: 0
chunk: 1
chunk: 2
chunk: 3
chunk: 4
chunk: 5
chunk: 6
grouping: DK
['Fall', 'A00', 'A01', 'A02', 'A03', 'A04', 'A05', 'A06', 'A07', 'A08', 'A09', 'A10', 'A11', 'A12', 'A13', 'A14', 'A15', 'A16', 'A17', 'A18', 'A19', 'A20', 'A21', 'A22', 'A23', 'A24', 'A25', 'A26', 'A27', 'A28', 'A29', 'A30', 'A31', 'A32', 'A33', 'A34', 'A35', 'A36', 'A37', 'A38', 'A39', 'A40', 'A41', 'A42', 'A43', 'A44', 'A45', 'A46', 'A47', 'A48', 'A49', 'A50', 'A51', 'A52', 'A53', 'A54', 'A55', 'A56', 'A57', 'A58', 'A59', 'A60', 'A61', 'A62', 'A63', 'A64', 'A65', 'A66', 'A67', 'A68', 'A69', 'A70', 'A71', 'A72', 'A73', 'A74', 'A75', 'A76', 'A77', 'A78', 'A79', 'A80', 'A81', 'A82', 'A83', 'A84', 'A85', 'A86', 'A87', 'A88', 'A89', 'A90', 'A91', 'A92', 'A93', 'A94', 'A95', 'A96', 'A97', 'A98', 'A99', 'B00', 'B01', 'B02', 'B03', 'B04', 'B05', 'B06', 'B07', 'B08', 'B09', 'B10', 'B11', 'B12', 'B13', 'B14', 'B15', 'B16', 'B17', 'B18', 'B19', 'B20', 'B21', 'B22', 'B23', 'B24', 'B25', 'B26', 'B27', 'B28', 'B29', 'B30', 'B31', 'B32', 'B33', 'B34', 'B35', 'B36', 'B37', 'B38', 'B39', 'B40', 'B41', 'B42', 'B43', 'B44', 'B45', 'B46', 'B47', 'B48', 'B49', 'B50', 'B51', 'B52', 'B53', 'B54', 'B55', 'B56', 'B57', 'B58', 'B59', 'B60', 'B61', 'B62', 'B63', 'B64', 'B65', 'B66', 'B67', 'B68', 'B69', 'B70', 'B71', 'B72', 'B73', 'B74', 'B75', 'B76', 'B77', 'B78', 'B79', 'B80', 'B81', 'B82', 'B83', 'B84', 'B85', 'B86', 'B87', 'B88', 'B89', 'B90', 'B91', 'B92', 'B93', 'B94', 'B95', 'B96', 'B97', 'B98', 'B99', 'C00', 'C01', 'C02', 'C03', 'C04', 'C05', 'C06', 'C07', 'C08', 'C09', 'C10', 'C11', 'C12', 'C13', 'C14', 'C15', 'C16', 'C17', 'C18', 'C19', 'C20', 'C21', 'C22', 'C23', 'C24', 'C25', 'C26', 'C27', 'C28', 'C29', 'C30', 'C31', 'C32', 'C33', 'C34', 'C35', 'C36', 'C37', 'C38', 'C39', 'C40', 'C41', 'C42', 'C43', 'C44', 'C45', 'C46', 'C47', 'C48', 'C49', 'C50', 'C51', 'C52', 'C53', 'C54', 'C55', 'C56', 'C57', 'C58', 'C59', 'C60', 'C61', 'C62', 'C63', 'C64', 'C65', 'C66', 'C67', 'C68', 'C69', 'C70', 'C71', 'C72', 'C73', 'C74', 'C75', 'C76', 'C77', 'C78', 'C79', 'C80', 'C81', 'C82', 'C83', 'C84', 'C85', 'C86', 'C87', 'C88', 'C89', 'C90', 'C91', 'C92', 'C93', 'C94', 'C95', 'C96', 'C97', 'C98', 'C99', 'D00', 'D01', 'D02', 'D03', 'D04', 'D05', 'D06', 'D07', 'D08', 'D09', 'D10', 'D11', 'D12', 'D13', 'D14', 'D15', 'D16', 'D17', 'D18', 'D19', 'D20', 'D21', 'D22', 'D23', 'D24', 'D25', 'D26', 'D27', 'D28', 'D29', 'D30', 'D31', 'D32', 'D33', 'D34', 'D35', 'D36', 'D37', 'D38', 'D39', 'D40', 'D41', 'D42', 'D43', 'D44', 'D45', 'D46', 'D47', 'D48', 'D49', 'D50', 'D51', 'D52', 'D53', 'D54', 'D55', 'D56', 'D57', 'D58', 'D59', 'D60', 'D61', 'D62', 'D63', 'D64', 'D65', 'D66', 'D67', 'D68', 'D69', 'D70', 'D71', 'D72', 'D73', 'D74', 'D75', 'D76', 'D77', 'D78', 'D79', 'D80', 'D81', 'D82', 'D83', 'D84', 'D85', 'D86', 'D87', 'D88', 'D89', 'D90', 'D91', 'D92', 'D93', 'D94', 'D95', 'D96', 'D97', 'D98', 'D99', 'E00', 'E01', 'E02', 'E03', 'E04', 'E05', 'E06', 'E07', 'E08', 'E09', 'E10', 'E11', 'E12', 'E13', 'E14', 'E15', 'E16', 'E17', 'E18', 'E19', 'E20', 'E21', 'E22', 'E23', 'E24', 'E25', 'E26', 'E27', 'E28', 'E29', 'E30', 'E31', 'E32', 'E33', 'E34', 'E35', 'E36', 'E37', 'E38', 'E39', 'E40', 'E41', 'E42', 'E43', 'E44', 'E45', 'E46', 'E47', 'E48', 'E49', 'E50', 'E51', 'E52', 'E53', 'E54', 'E55', 'E56', 'E57', 'E58', 'E59', 'E60', 'E61', 'E62', 'E63', 'E64', 'E65', 'E66', 'E67', 'E68', 'E69', 'E70', 'E71', 'E72', 'E73', 'E74', 'E75', 'E76', 'E77', 'E78', 'E79', 'E80', 'E81', 'E82', 'E83', 'E84', 'E85', 'E86', 'E87', 'E88', 'E89', 'E90', 'E91', 'E92', 'E93', 'E94', 'E95', 'E96', 'E97', 'E98', 'E99', 'F00', 'F01', 'F02', 'F03', 'F04', 'F05', 'F06', 'F07', 'F08', 'F09', 'F10', 'F11', 'F12', 'F13', 'F14', 'F15', 'F16', 'F17', 'F18', 'F19', 'F20', 'F21', 'F22', 'F23', 'F24', 'F25', 'F26', 'F27', 'F28', 'F29', 'F30', 'F31', 'F32', 'F33', 'F34', 'F35', 'F36', 'F37', 'F38', 'F39', 'F40', 'F41', 'F42', 'F43', 'F44', 'F45', 'F46', 'F47', 'F48', 'F49', 'F50', 'F51', 'F52', 'F53', 'F54', 'F55', 'F56', 'F57', 'F58', 'F59', 'F60', 'F61', 'F62', 'F63', 'F64', 'F65', 'F66', 'F67', 'F68', 'F69', 'F70', 'F71', 'F72', 'F73', 'F74', 'F75', 'F76', 'F77', 'F78', 'F79', 'F80', 'F81', 'F82', 'F83', 'F84', 'F85', 'F86', 'F87', 'F88', 'F89', 'F90', 'F91', 'F92', 'F93', 'F94', 'F95', 'F96', 'F97', 'F98', 'F99', 'G00', 'G01', 'G02', 'G03', 'G04', 'G05', 'G06', 'G07', 'G08', 'G09', 'G10', 'G11', 'G12', 'G13', 'G14', 'G15', 'G16', 'G17', 'G18', 'G19', 'G20', 'G21', 'G22', 'G23', 'G24', 'G25', 'G26', 'G27', 'G28', 'G29', 'G30', 'G31', 'G32', 'G33', 'G34', 'G35', 'G36', 'G37', 'G38', 'G39', 'G40', 'G41', 'G42', 'G43', 'G44', 'G45', 'G46', 'G47', 'G48', 'G49', 'G50', 'G51', 'G52', 'G53', 'G54', 'G55', 'G56', 'G57', 'G58', 'G59', 'G60', 'G61', 'G62', 'G63', 'G64', 'G65', 'G66', 'G67', 'G68', 'G69', 'G70', 'G71', 'G72', 'G73', 'G74', 'G75', 'G76', 'G77', 'G78', 'G79', 'G80', 'G81', 'G82', 'G83', 'G84', 'G85', 'G86', 'G87', 'G88', 'G89', 'G90', 'G91', 'G92', 'G93', 'G94', 'G95', 'G96', 'G97', 'G98', 'G99', 'H00', 'H01', 'H02', 'H03', 'H04', 'H05', 'H06', 'H07', 'H08', 'H09', 'H10', 'H11', 'H12', 'H13', 'H14', 'H15', 'H16', 'H17', 'H18', 'H19', 'H20', 'H21', 'H22', 'H23', 'H24', 'H25', 'H26', 'H27', 'H28', 'H29', 'H30', 'H31', 'H32', 'H33', 'H34', 'H35', 'H36', 'H37', 'H38', 'H39', 'H40', 'H41', 'H42', 'H43', 'H44', 'H45', 'H46', 'H47', 'H48', 'H49', 'H50', 'H51', 'H52', 'H53', 'H54', 'H55', 'H56', 'H57', 'H58', 'H59', 'H60', 'H61', 'H62', 'H63', 'H64', 'H65', 'H66', 'H67', 'H68', 'H69', 'H70', 'H71', 'H72', 'H73', 'H74', 'H75', 'H76', 'H77', 'H78', 'H79', 'H80', 'H81', 'H82', 'H83', 'H84', 'H85', 'H86', 'H87', 'H88', 'H89', 'H90', 'H91', 'H92', 'H93', 'H94', 'H95', 'H96', 'H97', 'H98', 'H99', 'I00', 'I01', 'I02', 'I03', 'I04', 'I05', 'I06', 'I07', 'I08', 'I09', 'I10', 'I11', 'I12', 'I13', 'I14', 'I15', 'I16', 'I17', 'I18', 'I19', 'I20', 'I21', 'I22', 'I23', 'I24', 'I25', 'I26', 'I27', 'I28', 'I29', 'I30', 'I31', 'I32', 'I33', 'I34', 'I35', 'I36', 'I37', 'I38', 'I39', 'I40', 'I41', 'I42', 'I43', 'I44', 'I45', 'I46', 'I47', 'I48', 'I49', 'I50', 'I51', 'I52', 'I53', 'I54', 'I55', 'I56', 'I57', 'I58', 'I59', 'I60', 'I61', 'I62', 'I63', 'I64', 'I65', 'I66', 'I67', 'I68', 'I69', 'I70', 'I71', 'I72', 'I73', 'I74', 'I75', 'I76', 'I77', 'I78', 'I79', 'I80', 'I81', 'I82', 'I83', 'I84', 'I85', 'I86', 'I87', 'I88', 'I89', 'I90', 'I91', 'I92', 'I93', 'I94', 'I95', 'I96', 'I97', 'I98', 'I99', 'J00', 'J01', 'J02', 'J03', 'J04', 'J05', 'J06', 'J07', 'J08', 'J09', 'J10', 'J11', 'J12', 'J13', 'J14', 'J15', 'J16', 'J17', 'J18', 'J19', 'J20', 'J21', 'J22', 'J23', 'J24', 'J25', 'J26', 'J27', 'J28', 'J29', 'J30', 'J31', 'J32', 'J33', 'J34', 'J35', 'J36', 'J37', 'J38', 'J39', 'J40', 'J41', 'J42', 'J43', 'J44', 'J45', 'J46', 'J47', 'J48', 'J49', 'J50', 'J51', 'J52', 'J53', 'J54', 'J55', 'J56', 'J57', 'J58', 'J59', 'J60', 'J61', 'J62', 'J63', 'J64', 'J65', 'J66', 'J67', 'J68', 'J69', 'J70', 'J71', 'J72', 'J73', 'J74', 'J75', 'J76', 'J77', 'J78', 'J79', 'J80', 'J81', 'J82', 'J83', 'J84', 'J85', 'J86', 'J87', 'J88', 'J89', 'J90', 'J91', 'J92', 'J93', 'J94', 'J95', 'J96', 'J97', 'J98', 'J99', 'K00', 'K01', 'K02', 'K03', 'K04', 'K05', 'K06', 'K07', 'K08', 'K09', 'K10', 'K11', 'K12', 'K13', 'K14', 'K15', 'K16', 'K17', 'K18', 'K19', 'K20', 'K21', 'K22', 'K23', 'K24', 'K25', 'K26', 'K27', 'K28', 'K29', 'K30', 'K31', 'K32', 'K33', 'K34', 'K35', 'K36', 'K37', 'K38', 'K39', 'K40', 'K41', 'K42', 'K43', 'K44', 'K45', 'K46', 'K47', 'K48', 'K49', 'K50', 'K51', 'K52', 'K53', 'K54', 'K55', 'K56', 'K57', 'K58', 'K59', 'K60', 'K61', 'K62', 'K63', 'K64', 'K65', 'K66', 'K67', 'K68', 'K69', 'K70', 'K71', 'K72', 'K73', 'K74', 'K75', 'K76', 'K77', 'K78', 'K79', 'K80', 'K81', 'K82', 'K83', 'K84', 'K85', 'K86', 'K87', 'K88', 'K89', 'K90', 'K91', 'K92', 'K93', 'K94', 'K95', 'K96', 'K97', 'K98', 'K99', 'L00', 'L01', 'L02', 'L03', 'L04', 'L05', 'L06', 'L07', 'L08', 'L09', 'L10', 'L11', 'L12', 'L13', 'L14', 'L15', 'L16', 'L17', 'L18', 'L19', 'L20', 'L21', 'L22', 'L23', 'L24', 'L25', 'L26', 'L27', 'L28', 'L29', 'L30', 'L31', 'L32', 'L33', 'L34', 'L35', 'L36', 'L37', 'L38', 'L39', 'L40', 'L41', 'L42', 'L43', 'L44', 'L45', 'L46', 'L47', 'L48', 'L49', 'L50', 'L51', 'L52', 'L53', 'L54', 'L55', 'L56', 'L57', 'L58', 'L59', 'L60', 'L61', 'L62', 'L63', 'L64', 'L65', 'L66', 'L67', 'L68', 'L69', 'L70', 'L71', 'L72', 'L73', 'L74', 'L75', 'L76', 'L77', 'L78', 'L79', 'L80', 'L81', 'L82', 'L83', 'L84', 'L85', 'L86', 'L87', 'L88', 'L89', 'L90', 'L91', 'L92', 'L93', 'L94', 'L95', 'L96', 'L97', 'L98', 'L99', 'M00', 'M01', 'M02', 'M03', 'M04', 'M05', 'M06', 'M07', 'M08', 'M09', 'M10', 'M11', 'M12', 'M13', 'M14', 'M15', 'M16', 'M17', 'M18', 'M19', 'M20', 'M21', 'M22', 'M23', 'M24', 'M25', 'M26', 'M27', 'M28', 'M29', 'M30', 'M31', 'M32', 'M33', 'M34', 'M35', 'M36', 'M37', 'M38', 'M39', 'M40', 'M41', 'M42', 'M43', 'M44', 'M45', 'M46', 'M47', 'M48', 'M49', 'M50', 'M51', 'M52', 'M53', 'M54', 'M55', 'M56', 'M57', 'M58', 'M59', 'M60', 'M61', 'M62', 'M63', 'M64', 'M65', 'M66', 'M67', 'M68', 'M69', 'M70', 'M71', 'M72', 'M73', 'M74', 'M75', 'M76', 'M77', 'M78', 'M79', 'M80', 'M81', 'M82', 'M83', 'M84', 'M85', 'M86', 'M87', 'M88', 'M89', 'M90', 'M91', 'M92', 'M93', 'M94', 'M95', 'M96', 'M97', 'M98', 'M99', 'N00', 'N01', 'N02', 'N03', 'N04', 'N05', 'N06', 'N07', 'N08', 'N09', 'N10', 'N11', 'N12', 'N13', 'N14', 'N15', 'N16', 'N17', 'N18', 'N19', 'N20', 'N21', 'N22', 'N23', 'N24', 'N25', 'N26', 'N27', 'N28', 'N29', 'N30', 'N31', 'N32', 'N33', 'N34', 'N35', 'N36', 'N37', 'N38', 'N39', 'N40', 'N41', 'N42', 'N43', 'N44', 'N45', 'N46', 'N47', 'N48', 'N49', 'N50', 'N51', 'N52', 'N53', 'N54', 'N55', 'N56', 'N57', 'N58', 'N59', 'N60', 'N61', 'N62', 'N63', 'N64', 'N65', 'N66', 'N67', 'N68', 'N69', 'N70', 'N71', 'N72', 'N73', 'N74', 'N75', 'N76', 'N77', 'N78', 'N79', 'N80', 'N81', 'N82', 'N83', 'N84', 'N85', 'N86', 'N87', 'N88', 'N89', 'N90', 'N91', 'N92', 'N93', 'N94', 'N95', 'N96', 'N97', 'N98', 'N99', 'O00', 'O01', 'O02', 'O03', 'O04', 'O05', 'O06', 'O07', 'O08', 'O09', 'O10', 'O11', 'O12', 'O13', 'O14', 'O15', 'O16', 'O17', 'O18', 'O19', 'O20', 'O21', 'O22', 'O23', 'O24', 'O25', 'O26', 'O27', 'O28', 'O29', 'O30', 'O31', 'O32', 'O33', 'O34', 'O35', 'O36', 'O37', 'O38', 'O39', 'O40', 'O41', 'O42', 'O43', 'O44', 'O45', 'O46', 'O47', 'O48', 'O49', 'O50', 'O51', 'O52', 'O53', 'O54', 'O55', 'O56', 'O57', 'O58', 'O59', 'O60', 'O61', 'O62', 'O63', 'O64', 'O65', 'O66', 'O67', 'O68', 'O69', 'O70', 'O71', 'O72', 'O73', 'O74', 'O75', 'O76', 'O77', 'O78', 'O79', 'O80', 'O81', 'O82', 'O83', 'O84', 'O85', 'O86', 'O87', 'O88', 'O89', 'O90', 'O91', 'O92', 'O93', 'O94', 'O95', 'O96', 'O97', 'O98', 'O99', 'P00', 'P01', 'P02', 'P03', 'P04', 'P05', 'P06', 'P07', 'P08', 'P09', 'P10', 'P11', 'P12', 'P13', 'P14', 'P15', 'P16', 'P17', 'P18', 'P19', 'P20', 'P21', 'P22', 'P23', 'P24', 'P25', 'P26', 'P27', 'P28', 'P29', 'P30', 'P31', 'P32', 'P33', 'P34', 'P35', 'P36', 'P37', 'P38', 'P39', 'P40', 'P41', 'P42', 'P43', 'P44', 'P45', 'P46', 'P47', 'P48', 'P49', 'P50', 'P51', 'P52', 'P53', 'P54', 'P55', 'P56', 'P57', 'P58', 'P59', 'P60', 'P61', 'P62', 'P63', 'P64', 'P65', 'P66', 'P67', 'P68', 'P69', 'P70', 'P71', 'P72', 'P73', 'P74', 'P75', 'P76', 'P77', 'P78', 'P79', 'P80', 'P81', 'P82', 'P83', 'P84', 'P85', 'P86', 'P87', 'P88', 'P89', 'P90', 'P91', 'P92', 'P93', 'P94', 'P95', 'P96', 'P97', 'P98', 'P99', 'Q00', 'Q01', 'Q02', 'Q03', 'Q04', 'Q05', 'Q06', 'Q07', 'Q08', 'Q09', 'Q10', 'Q11', 'Q12', 'Q13', 'Q14', 'Q15', 'Q16', 'Q17', 'Q18', 'Q19', 'Q20', 'Q21', 'Q22', 'Q23', 'Q24', 'Q25', 'Q26', 'Q27', 'Q28', 'Q29', 'Q30', 'Q31', 'Q32', 'Q33', 'Q34', 'Q35', 'Q36', 'Q37', 'Q38', 'Q39', 'Q40', 'Q41', 'Q42', 'Q43', 'Q44', 'Q45', 'Q46', 'Q47', 'Q48', 'Q49', 'Q50', 'Q51', 'Q52', 'Q53', 'Q54', 'Q55', 'Q56', 'Q57', 'Q58', 'Q59', 'Q60', 'Q61', 'Q62', 'Q63', 'Q64', 'Q65', 'Q66', 'Q67', 'Q68', 'Q69', 'Q70', 'Q71', 'Q72', 'Q73', 'Q74', 'Q75', 'Q76', 'Q77', 'Q78', 'Q79', 'Q80', 'Q81', 'Q82', 'Q83', 'Q84', 'Q85', 'Q86', 'Q87', 'Q88', 'Q89', 'Q90', 'Q91', 'Q92', 'Q93', 'Q94', 'Q95', 'Q96', 'Q97', 'Q98', 'Q99', 'R00', 'R01', 'R02', 'R03', 'R04', 'R05', 'R06', 'R07', 'R08', 'R09', 'R10', 'R11', 'R12', 'R13', 'R14', 'R15', 'R16', 'R17', 'R18', 'R19', 'R20', 'R21', 'R22', 'R23', 'R24', 'R25', 'R26', 'R27', 'R28', 'R29', 'R30', 'R31', 'R32', 'R33', 'R34', 'R35', 'R36', 'R37', 'R38', 'R39', 'R40', 'R41', 'R42', 'R43', 'R44', 'R45', 'R46', 'R47', 'R48', 'R49', 'R50', 'R51', 'R52', 'R53', 'R54', 'R55', 'R56', 'R57', 'R58', 'R59', 'R60', 'R61', 'R62', 'R63', 'R64', 'R65', 'R66', 'R67', 'R68', 'R69', 'R70', 'R71', 'R72', 'R73', 'R74', 'R75', 'R76', 'R77', 'R78', 'R79', 'R80', 'R81', 'R82', 'R83', 'R84', 'R85', 'R86', 'R87', 'R88', 'R89', 'R90', 'R91', 'R92', 'R93', 'R94', 'R95', 'R96', 'R97', 'R98', 'R99', 'S00', 'S01', 'S02', 'S03', 'S04', 'S05', 'S06', 'S07', 'S08', 'S09', 'S10', 'S11', 'S12', 'S13', 'S14', 'S15', 'S16', 'S17', 'S18', 'S19', 'S20', 'S21', 'S22', 'S23', 'S24', 'S25', 'S26', 'S27', 'S28', 'S29', 'S30', 'S31', 'S32', 'S33', 'S34', 'S35', 'S36', 'S37', 'S38', 'S39', 'S40', 'S41', 'S42', 'S43', 'S44', 'S45', 'S46', 'S47', 'S48', 'S49', 'S50', 'S51', 'S52', 'S53', 'S54', 'S55', 'S56', 'S57', 'S58', 'S59', 'S60', 'S61', 'S62', 'S63', 'S64', 'S65', 'S66', 'S67', 'S68', 'S69', 'S70', 'S71', 'S72', 'S73', 'S74', 'S75', 'S76', 'S77', 'S78', 'S79', 'S80', 'S81', 'S82', 'S83', 'S84', 'S85', 'S86', 'S87', 'S88', 'S89', 'S90', 'S91', 'S92', 'S93', 'S94', 'S95', 'S96', 'S97', 'S98', 'S99', 'T00', 'T01', 'T02', 'T03', 'T04', 'T05', 'T06', 'T07', 'T08', 'T09', 'T10', 'T11', 'T12', 'T13', 'T14', 'T15', 'T16', 'T17', 'T18', 'T19', 'T20', 'T21', 'T22', 'T23', 'T24', 'T25', 'T26', 'T27', 'T28', 'T29', 'T30', 'T31', 'T32', 'T33', 'T34', 'T35', 'T36', 'T37', 'T38', 'T39', 'T40', 'T41', 'T42', 'T43', 'T44', 'T45', 'T46', 'T47', 'T48', 'T49', 'T50', 'T51', 'T52', 'T53', 'T54', 'T55', 'T56', 'T57', 'T58', 'T59', 'T60', 'T61', 'T62', 'T63', 'T64', 'T65', 'T66', 'T67', 'T68', 'T69', 'T70', 'T71', 'T72', 'T73', 'T74', 'T75', 'T76', 'T77', 'T78', 'T79', 'T80', 'T81', 'T82', 'T83', 'T84', 'T85', 'T86', 'T87', 'T88', 'T89', 'T90', 'T91', 'T92', 'T93', 'T94', 'T95', 'T96', 'T97', 'T98', 'T99', 'U00', 'U01', 'U02', 'U03', 'U04', 'U05', 'U06', 'U07', 'U08', 'U09', 'U10', 'U11', 'U12', 'U13', 'U14', 'U15', 'U16', 'U17', 'U18', 'U19', 'U20', 'U21', 'U22', 'U23', 'U24', 'U25', 'U26', 'U27', 'U28', 'U29', 'U30', 'U31', 'U32', 'U33', 'U34', 'U35', 'U36', 'U37', 'U38', 'U39', 'U40', 'U41', 'U42', 'U43', 'U44', 'U45', 'U46', 'U47', 'U48', 'U49', 'U50', 'U51', 'U52', 'U53', 'U54', 'U55', 'U56', 'U57', 'U58', 'U59', 'U60', 'U61', 'U62', 'U63', 'U64', 'U65', 'U66', 'U67', 'U68', 'U69', 'U70', 'U71', 'U72', 'U73', 'U74', 'U75', 'U76', 'U77', 'U78', 'U79', 'U80', 'U81', 'U82', 'U83', 'U84', 'U85', 'U86', 'U87', 'U88', 'U89', 'U90', 'U91', 'U92', 'U93', 'U94', 'U95', 'U96', 'U97', 'U98', 'U99', 'V00', 'V01', 'V02', 'V03', 'V04', 'V05', 'V06', 'V07', 'V08', 'V09', 'V10', 'V11', 'V12', 'V13', 'V14', 'V15', 'V16', 'V17', 'V18', 'V19', 'V20', 'V21', 'V22', 'V23', 'V24', 'V25', 'V26', 'V27', 'V28', 'V29', 'V30', 'V31', 'V32', 'V33', 'V34', 'V35', 'V36', 'V37', 'V38', 'V39', 'V40', 'V41', 'V42', 'V43', 'V44', 'V45', 'V46', 'V47', 'V48', 'V49', 'V50', 'V51', 'V52', 'V53', 'V54', 'V55', 'V56', 'V57', 'V58', 'V59', 'V60', 'V61', 'V62', 'V63', 'V64', 'V65', 'V66', 'V67', 'V68', 'V69', 'V70', 'V71', 'V72', 'V73', 'V74', 'V75', 'V76', 'V77', 'V78', 'V79', 'V80', 'V81', 'V82', 'V83', 'V84', 'V85', 'V86', 'V87', 'V88', 'V89', 'V90', 'V91', 'V92', 'V93', 'V94', 'V95', 'V96', 'V97', 'V98', 'V99', 'W00', 'W01', 'W02', 'W03', 'W04', 'W05', 'W06', 'W07', 'W08', 'W09', 'W10', 'W11', 'W12', 'W13', 'W14', 'W15', 'W16', 'W17', 'W18', 'W19', 'W20', 'W21', 'W22', 'W23', 'W24', 'W25', 'W26', 'W27', 'W28', 'W29', 'W30', 'W31', 'W32', 'W33', 'W34', 'W35', 'W36', 'W37', 'W38', 'W39', 'W40', 'W41', 'W42', 'W43', 'W44', 'W45', 'W46', 'W47', 'W48', 'W49', 'W50', 'W51', 'W52', 'W53', 'W54', 'W55', 'W56', 'W57', 'W58', 'W59', 'W60', 'W61', 'W62', 'W63', 'W64', 'W65', 'W66', 'W67', 'W68', 'W69', 'W70', 'W71', 'W72', 'W73', 'W74', 'W75', 'W76', 'W77', 'W78', 'W79', 'W80', 'W81', 'W82', 'W83', 'W84', 'W85', 'W86', 'W87', 'W88', 'W89', 'W90', 'W91', 'W92', 'W93', 'W94', 'W95', 'W96', 'W97', 'W98', 'W99', 'X00', 'X01', 'X02', 'X03', 'X04', 'X05', 'X06', 'X07', 'X08', 'X09', 'X10', 'X11', 'X12', 'X13', 'X14', 'X15', 'X16', 'X17', 'X18', 'X19', 'X20', 'X21', 'X22', 'X23', 'X24', 'X25', 'X26', 'X27', 'X28', 'X29', 'X30', 'X31', 'X32', 'X33', 'X34', 'X35', 'X36', 'X37', 'X38', 'X39', 'X40', 'X41', 'X42', 'X43', 'X44', 'X45', 'X46', 'X47', 'X48', 'X49', 'X50', 'X51', 'X52', 'X53', 'X54', 'X55', 'X56', 'X57', 'X58', 'X59', 'X60', 'X61', 'X62', 'X63', 'X64', 'X65', 'X66', 'X67', 'X68', 'X69', 'X70', 'X71', 'X72', 'X73', 'X74', 'X75', 'X76', 'X77', 'X78', 'X79', 'X80', 'X81', 'X82', 'X83', 'X84', 'X85', 'X86', 'X87', 'X88', 'X89', 'X90', 'X91', 'X92', 'X93', 'X94', 'X95', 'X96', 'X97', 'X98', 'X99', 'Y00', 'Y01', 'Y02', 'Y03', 'Y04', 'Y05', 'Y06', 'Y07', 'Y08', 'Y09', 'Y10', 'Y11', 'Y12', 'Y13', 'Y14', 'Y15', 'Y16', 'Y17', 'Y18', 'Y19', 'Y20', 'Y21', 'Y22', 'Y23', 'Y24', 'Y25', 'Y26', 'Y27', 'Y28', 'Y29', 'Y30', 'Y31', 'Y32', 'Y33', 'Y34', 'Y35', 'Y36', 'Y37', 'Y38', 'Y39', 'Y40', 'Y41', 'Y42', 'Y43', 'Y44', 'Y45', 'Y46', 'Y47', 'Y48', 'Y49', 'Y50', 'Y51', 'Y52', 'Y53', 'Y54', 'Y55', 'Y56', 'Y57', 'Y58', 'Y59', 'Y60', 'Y61', 'Y62', 'Y63', 'Y64', 'Y65', 'Y66', 'Y67', 'Y68', 'Y69', 'Y70', 'Y71', 'Y72', 'Y73', 'Y74', 'Y75', 'Y76', 'Y77', 'Y78', 'Y79', 'Y80', 'Y81', 'Y82', 'Y83', 'Y84', 'Y85', 'Y86', 'Y87', 'Y88', 'Y89', 'Y90', 'Y91', 'Y92', 'Y93', 'Y94', 'Y95', 'Y96', 'Y97', 'Y98', 'Y99', 'Z00', 'Z01', 'Z02', 'Z03', 'Z04', 'Z05', 'Z06', 'Z07', 'Z08', 'Z09', 'Z10', 'Z11', 'Z12', 'Z13', 'Z14', 'Z15', 'Z16', 'Z17', 'Z18', 'Z19', 'Z20', 'Z21', 'Z22', 'Z23', 'Z24', 'Z25', 'Z26', 'Z27', 'Z28', 'Z29', 'Z30', 'Z31', 'Z32', 'Z33', 'Z34', 'Z35', 'Z36', 'Z37', 'Z38', 'Z39', 'Z40', 'Z41', 'Z42', 'Z43', 'Z44', 'Z45', 'Z46', 'Z47', 'Z48', 'Z49', 'Z50', 'Z51', 'Z52', 'Z53', 'Z54', 'Z55', 'Z56', 'Z57', 'Z58', 'Z59', 'Z60', 'Z61', 'Z62', 'Z63', 'Z64', 'Z65', 'Z66', 'Z67', 'Z68', 'Z69', 'Z70', 'Z71', 'Z72', 'Z73', 'Z74', 'Z75', 'Z76', 'Z77', 'Z78', 'Z79', 'Z80', 'Z81', 'Z82', 'Z83', 'Z84', 'Z85', 'Z86', 'Z87', 'Z88', 'Z89', 'Z90', 'Z91', 'Z92', 'Z93', 'Z94', 'Z95', 'Z96', 'Z97', 'Z98', 'Z99']
2601
num headers data: 7299
chunk: 0
chunk: 1
chunk: 2
chunk: 3
chunk: 4
chunk: 5
chunk: 6
grouping: CHOP
['Fall', '00', '01', '02', '03', '04', '05', '06', '07', '08', '09', '10', '11', '12', '13', '14', '15', '16', '17', '18', '19', '20', '21', '22', '23', '24', '25', '26', '27', '28', '29', '30', '31', '32', '33', '34', '35', '36', '37', '38', '39', '40', '41', '42', '43', '44', '45', '46', '47', '48', '49', '50', '51', '52', '53', '54', '55', '56', '57', '58', '59', '60', '61', '62', '63', '64', '65', '66', '67', '68', '69', '70', '71', '72', '73', '74', '75', '76', '77', '78', '79', '80', '81', '82', '83', '84', '85', '86', '87', '88', '89', '90', '91', '92', '93', '94', '95', '96', '97', '98', '99']
101
num headers data: 5700
chunk: 0
chunk: 1
chunk: 2
chunk: 3
chunk: 4
chunk: 5
chunk: 6
df_num: (63098, 1)
df.shape: (63098, 29)
df_num: (63098, 1)
df.shape: (63098, 31)
df_num: (63098, 1)
df.shape: (63098, 32)
df.shape: (63098, 32)

previous_visits

ratio_los_age

ratio_numDK_age

ratio_los_numDK

ratio_numCHOP_age

ratio_los_numOE

ratio_numOE_age

mult_los_numCHOP

mult_equalOE_numDK

ratio_drg_los_alos
number of not-found drg codes: 15253
df_drg_updated: (15253, 42)
number of not-found drg codes: 13386
df_drg_updated: (13386, 42)
number of not-found drg codes: 12410
df_drg_updated: (12410, 42)
number of not-found drg codes: 10674
df_drg_updated: (10674, 42)
number of not-found drg codes: 1517
df_drg_updated: (1518, 42)
number of not-found drg codes: 0
df_drg_updated: (1, 42)
number of not-found drg codes: 0
df_drg_updated: (1, 42)
encode features: categorical
num headers: 42
['Fall', 'Aufnahmeart', 'Aufnahmedatum', 'Entlassdatum', 'Aufnahmejahr', 'Entlassjahr', 'Aufnahmemonat', 'Entlassmonat', 'Aufnahmetag', 'Entlasstag', 'Wiederkehrer', 'Eintrittsalter', 'Eintrittsart', 'Entlassart', 'AufnehmOE', 'EntlassOE', 'EntlassBereich', 'Versicherungsklasse', 'Patient', 'Forschungskonsent', 'Geschlecht', 'Hauptdiagnose', 'DRGCode', 'Verweildauer', 'Liegestatus', 'Langlieger', 'DKSepsis_1', 'OEIntensiv_1', 'numOE', 'equalOE', 'numDK', 'numCHOP', 'previous_visits', 'ratio_los_age', 'ratio_numDK_age', 'ratio_los_numDK', 'ratio_numCHOP_age', 'ratio_los_numOE', 'ratio_numOE_age', 'mult_los_numCHOP', 'mult_equalOE_numDK', 'ratio_drg_los_alos']
preprocess main diagnosis...
encode feature: Aufnahmeart
group values: ['V: Voranmeldung', 'AE:Aus sonst.Sp', 'SO: Spender-OP', 'A: Einweisung', 'G: Entbindung', 'AT:ATS Transpla', 'NO: Notfall', 'WS: Wissenschaf', 'AV:Aus Vertr.Sp', 'NE Neue.Neueint', 'WE:Wiedereintr.', 'N1:Nierenstein1', 'N2:Nierenstein2', 'S: Selbsteinw.']
len(categorical_headers): 14
['Aufnahmeart_V: Voranmeldung', 'Aufnahmeart_AE:Aus sonst.Sp', 'Aufnahmeart_SO: Spender-OP', 'Aufnahmeart_A: Einweisung', 'Aufnahmeart_G: Entbindung', 'Aufnahmeart_AT:ATS Transpla', 'Aufnahmeart_NO: Notfall', 'Aufnahmeart_WS: Wissenschaf', 'Aufnahmeart_AV:Aus Vertr.Sp', 'Aufnahmeart_NE Neue.Neueint', 'Aufnahmeart_WE:Wiedereintr.', 'Aufnahmeart_N1:Nierenstein1', 'Aufnahmeart_N2:Nierenstein2', 'Aufnahmeart_S: Selbsteinw.']
encode feature: Aufnahmejahr
group values: ['2011', '2012', '2013', '2014', '2015', '2016', '2017']
len(categorical_headers): 7
['Aufnahmejahr_2011', 'Aufnahmejahr_2012', 'Aufnahmejahr_2013', 'Aufnahmejahr_2014', 'Aufnahmejahr_2015', 'Aufnahmejahr_2016', 'Aufnahmejahr_2017']
encode feature: Aufnahmemonat
group values: ['Jan', 'Feb', 'Mar', 'Apr', 'May', 'Jun', 'Jul', 'Aug', 'Sep', 'Oct', 'Nov', 'Dec']
len(categorical_headers): 12
['Aufnahmemonat_Jan', 'Aufnahmemonat_Feb', 'Aufnahmemonat_Mar', 'Aufnahmemonat_Apr', 'Aufnahmemonat_May', 'Aufnahmemonat_Jun', 'Aufnahmemonat_Jul', 'Aufnahmemonat_Aug', 'Aufnahmemonat_Sep', 'Aufnahmemonat_Oct', 'Aufnahmemonat_Nov', 'Aufnahmemonat_Dec']
encode feature: Aufnahmetag
group values: ['Mon', 'Tue', 'Wed', 'Thu', 'Fri', 'Sat', 'Sun']
len(categorical_headers): 7
['Aufnahmetag_Mon', 'Aufnahmetag_Tue', 'Aufnahmetag_Wed', 'Aufnahmetag_Thu', 'Aufnahmetag_Fri', 'Aufnahmetag_Sat', 'Aufnahmetag_Sun']
encode feature: AufnehmOE
group values: ['152', '153', '320', '323', '324', '325', '326', '327', '328', '330', '331', '332', '336', '337', '342', '348', '352', '353', '354', '356', '357', '358', '361', '362', '363', '365', '368', '371', '373', '376', '380', '392', '393', '751', '752', '753', '777']
len(categorical_headers): 37
['AufnehmOE_152', 'AufnehmOE_153', 'AufnehmOE_320', 'AufnehmOE_323', 'AufnehmOE_324', 'AufnehmOE_325', 'AufnehmOE_326', 'AufnehmOE_327', 'AufnehmOE_328', 'AufnehmOE_330', 'AufnehmOE_331', 'AufnehmOE_332', 'AufnehmOE_336', 'AufnehmOE_337', 'AufnehmOE_342', 'AufnehmOE_348', 'AufnehmOE_352', 'AufnehmOE_353', 'AufnehmOE_354', 'AufnehmOE_356', 'AufnehmOE_357', 'AufnehmOE_358', 'AufnehmOE_361', 'AufnehmOE_362', 'AufnehmOE_363', 'AufnehmOE_365', 'AufnehmOE_368', 'AufnehmOE_371', 'AufnehmOE_373', 'AufnehmOE_376', 'AufnehmOE_380', 'AufnehmOE_392', 'AufnehmOE_393', 'AufnehmOE_751', 'AufnehmOE_752', 'AufnehmOE_753', 'AufnehmOE_777']
encode feature: DRGCode
group values: ['A', 'B', 'C', 'D', 'E', 'F', 'G', 'H', 'I', 'J', 'K', 'L', 'M', 'N', 'O', 'P', 'Q', 'R', 'S', 'T', 'U', 'V', 'W', 'X', 'Y', 'Z', '9']
len(categorical_headers): 27
['DRGCode_A', 'DRGCode_B', 'DRGCode_C', 'DRGCode_D', 'DRGCode_E', 'DRGCode_F', 'DRGCode_G', 'DRGCode_H', 'DRGCode_I', 'DRGCode_J', 'DRGCode_K', 'DRGCode_L', 'DRGCode_M', 'DRGCode_N', 'DRGCode_O', 'DRGCode_P', 'DRGCode_Q', 'DRGCode_R', 'DRGCode_S', 'DRGCode_T', 'DRGCode_U', 'DRGCode_V', 'DRGCode_W', 'DRGCode_X', 'DRGCode_Y', 'DRGCode_Z', 'DRGCode_9']
encode feature: Eintrittsart
group values: ['Ver', 'Not', 'Ang', 'Geb', 'Int', 'unb']
len(categorical_headers): 6
['Eintrittsart_Ver', 'Eintrittsart_Not', 'Eintrittsart_Ang', 'Eintrittsart_Geb', 'Eintrittsart_Int', 'Eintrittsart_unb']
encode feature: EntlassBereich
group values: ['SaO', 'Med', 'Gyn', 'Oth', 'N.A.']
len(categorical_headers): 5
['EntlassBereich_SaO', 'EntlassBereich_Med', 'EntlassBereich_Gyn', 'EntlassBereich_Oth', 'EntlassBereich_N.A.']
encode feature: EntlassOE
group values: ['152', '153', '320', '323', '324', '325', '326', '327', '328', '330', '331', '332', '336', '337', '342', '348', '352', '353', '354', '356', '357', '358', '361', '362', '363', '365', '368', '371', '373', '376', '380', '392', '393', '751', '752', '753', '777']
len(categorical_headers): 37
['EntlassOE_152', 'EntlassOE_153', 'EntlassOE_320', 'EntlassOE_323', 'EntlassOE_324', 'EntlassOE_325', 'EntlassOE_326', 'EntlassOE_327', 'EntlassOE_328', 'EntlassOE_330', 'EntlassOE_331', 'EntlassOE_332', 'EntlassOE_336', 'EntlassOE_337', 'EntlassOE_342', 'EntlassOE_348', 'EntlassOE_352', 'EntlassOE_353', 'EntlassOE_354', 'EntlassOE_356', 'EntlassOE_357', 'EntlassOE_358', 'EntlassOE_361', 'EntlassOE_362', 'EntlassOE_363', 'EntlassOE_365', 'EntlassOE_368', 'EntlassOE_371', 'EntlassOE_373', 'EntlassOE_376', 'EntlassOE_380', 'EntlassOE_392', 'EntlassOE_393', 'EntlassOE_751', 'EntlassOE_752', 'EntlassOE_753', 'EntlassOE_777']
encode feature: Entlassart
group values: ['iniDri', 'exPat', 'gSpit', 'vSpit', 'sSpit', 'Plan', 'inPat', 'iniBeh']
len(categorical_headers): 8
['Entlassart_iniDri', 'Entlassart_exPat', 'Entlassart_gSpit', 'Entlassart_vSpit', 'Entlassart_sSpit', 'Entlassart_Plan', 'Entlassart_inPat', 'Entlassart_iniBeh']
encode feature: Entlassjahr
group values: ['2011', '2012', '2013', '2014', '2015', '2016', '2017']
len(categorical_headers): 7
['Entlassjahr_2011', 'Entlassjahr_2012', 'Entlassjahr_2013', 'Entlassjahr_2014', 'Entlassjahr_2015', 'Entlassjahr_2016', 'Entlassjahr_2017']
encode feature: Entlassmonat
group values: ['Jan', 'Feb', 'Mar', 'Apr', 'May', 'Jun', 'Jul', 'Aug', 'Sep', 'Oct', 'Nov', 'Dec']
len(categorical_headers): 12
['Entlassmonat_Jan', 'Entlassmonat_Feb', 'Entlassmonat_Mar', 'Entlassmonat_Apr', 'Entlassmonat_May', 'Entlassmonat_Jun', 'Entlassmonat_Jul', 'Entlassmonat_Aug', 'Entlassmonat_Sep', 'Entlassmonat_Oct', 'Entlassmonat_Nov', 'Entlassmonat_Dec']
encode feature: Entlasstag
group values: ['Mon', 'Tue', 'Wed', 'Thu', 'Fri', 'Sat', 'Sun']
len(categorical_headers): 7
['Entlasstag_Mon', 'Entlasstag_Tue', 'Entlasstag_Wed', 'Entlasstag_Thu', 'Entlasstag_Fri', 'Entlasstag_Sat', 'Entlasstag_Sun']
encode feature: Forschungskonsent
group values: ['ein', 'unb']
len(categorical_headers): 2
['Forschungskonsent_ein', 'Forschungskonsent_unb']
encode feature: Geschlecht
group values: ['weiblich', 'maennlich']
len(categorical_headers): 2
['Geschlecht_weiblich', 'Geschlecht_maennlich']
encode feature: Liegestatus
group values: ['kurz', 'norm', 'lang', 'vap', 'opti', 'unb']
len(categorical_headers): 6
['Liegestatus_kurz', 'Liegestatus_norm', 'Liegestatus_lang', 'Liegestatus_vap', 'Liegestatus_opti', 'Liegestatus_unb']
encode feature: Versicherungsklasse
group values: ['A', 'S', 'P', 'H']
len(categorical_headers): 4
['Versicherungsklasse_A', 'Versicherungsklasse_S', 'Versicherungsklasse_P', 'Versicherungsklasse_H']
df: (63098, 226)
encoded: df.shape: (63098, 226)
df.shape: (63098, 226)
/scicore/home/vogtju/towyku74/projects/PATREC/data/data_patrec_20162017_OE_verylightgrouping.csv
num group names: 38
['Fall', 'OE_152', 'OE_153', 'OE_320', 'OE_323', 'OE_324', 'OE_325', 'OE_326', 'OE_327', 'OE_328', 'OE_330', 'OE_331', 'OE_332', 'OE_336', 'OE_337', 'OE_342', 'OE_348', 'OE_352', 'OE_353', 'OE_354', 'OE_356', 'OE_357', 'OE_358', 'OE_361', 'OE_362', 'OE_363', 'OE_365', 'OE_368', 'OE_371', 'OE_373', 'OE_376', 'OE_380', 'OE_392', 'OE_393', 'OE_751', 'OE_752', 'OE_753', 'OE_777']
df.shape: (63100, 263)
/scicore/home/vogtju/towyku74/projects/PATREC/data/data_patrec_20162017_DK_verylightgrouping.csv
num group names: 2601
['Fall', 'DK_A00', 'DK_A01', 'DK_A02', 'DK_A03', 'DK_A04', 'DK_A05', 'DK_A06', 'DK_A07', 'DK_A08', 'DK_A09', 'DK_A10', 'DK_A11', 'DK_A12', 'DK_A13', 'DK_A14', 'DK_A15', 'DK_A16', 'DK_A17', 'DK_A18', 'DK_A19', 'DK_A20', 'DK_A21', 'DK_A22', 'DK_A23', 'DK_A24', 'DK_A25', 'DK_A26', 'DK_A27', 'DK_A28', 'DK_A29', 'DK_A30', 'DK_A31', 'DK_A32', 'DK_A33', 'DK_A34', 'DK_A35', 'DK_A36', 'DK_A37', 'DK_A38', 'DK_A39', 'DK_A40', 'DK_A41', 'DK_A42', 'DK_A43', 'DK_A44', 'DK_A45', 'DK_A46', 'DK_A47', 'DK_A48', 'DK_A49', 'DK_A50', 'DK_A51', 'DK_A52', 'DK_A53', 'DK_A54', 'DK_A55', 'DK_A56', 'DK_A57', 'DK_A58', 'DK_A59', 'DK_A60', 'DK_A61', 'DK_A62', 'DK_A63', 'DK_A64', 'DK_A65', 'DK_A66', 'DK_A67', 'DK_A68', 'DK_A69', 'DK_A70', 'DK_A71', 'DK_A72', 'DK_A73', 'DK_A74', 'DK_A75', 'DK_A76', 'DK_A77', 'DK_A78', 'DK_A79', 'DK_A80', 'DK_A81', 'DK_A82', 'DK_A83', 'DK_A84', 'DK_A85', 'DK_A86', 'DK_A87', 'DK_A88', 'DK_A89', 'DK_A90', 'DK_A91', 'DK_A92', 'DK_A93', 'DK_A94', 'DK_A95', 'DK_A96', 'DK_A97', 'DK_A98', 'DK_A99', 'DK_B00', 'DK_B01', 'DK_B02', 'DK_B03', 'DK_B04', 'DK_B05', 'DK_B06', 'DK_B07', 'DK_B08', 'DK_B09', 'DK_B10', 'DK_B11', 'DK_B12', 'DK_B13', 'DK_B14', 'DK_B15', 'DK_B16', 'DK_B17', 'DK_B18', 'DK_B19', 'DK_B20', 'DK_B21', 'DK_B22', 'DK_B23', 'DK_B24', 'DK_B25', 'DK_B26', 'DK_B27', 'DK_B28', 'DK_B29', 'DK_B30', 'DK_B31', 'DK_B32', 'DK_B33', 'DK_B34', 'DK_B35', 'DK_B36', 'DK_B37', 'DK_B38', 'DK_B39', 'DK_B40', 'DK_B41', 'DK_B42', 'DK_B43', 'DK_B44', 'DK_B45', 'DK_B46', 'DK_B47', 'DK_B48', 'DK_B49', 'DK_B50', 'DK_B51', 'DK_B52', 'DK_B53', 'DK_B54', 'DK_B55', 'DK_B56', 'DK_B57', 'DK_B58', 'DK_B59', 'DK_B60', 'DK_B61', 'DK_B62', 'DK_B63', 'DK_B64', 'DK_B65', 'DK_B66', 'DK_B67', 'DK_B68', 'DK_B69', 'DK_B70', 'DK_B71', 'DK_B72', 'DK_B73', 'DK_B74', 'DK_B75', 'DK_B76', 'DK_B77', 'DK_B78', 'DK_B79', 'DK_B80', 'DK_B81', 'DK_B82', 'DK_B83', 'DK_B84', 'DK_B85', 'DK_B86', 'DK_B87', 'DK_B88', 'DK_B89', 'DK_B90', 'DK_B91', 'DK_B92', 'DK_B93', 'DK_B94', 'DK_B95', 'DK_B96', 'DK_B97', 'DK_B98', 'DK_B99', 'DK_C00', 'DK_C01', 'DK_C02', 'DK_C03', 'DK_C04', 'DK_C05', 'DK_C06', 'DK_C07', 'DK_C08', 'DK_C09', 'DK_C10', 'DK_C11', 'DK_C12', 'DK_C13', 'DK_C14', 'DK_C15', 'DK_C16', 'DK_C17', 'DK_C18', 'DK_C19', 'DK_C20', 'DK_C21', 'DK_C22', 'DK_C23', 'DK_C24', 'DK_C25', 'DK_C26', 'DK_C27', 'DK_C28', 'DK_C29', 'DK_C30', 'DK_C31', 'DK_C32', 'DK_C33', 'DK_C34', 'DK_C35', 'DK_C36', 'DK_C37', 'DK_C38', 'DK_C39', 'DK_C40', 'DK_C41', 'DK_C42', 'DK_C43', 'DK_C44', 'DK_C45', 'DK_C46', 'DK_C47', 'DK_C48', 'DK_C49', 'DK_C50', 'DK_C51', 'DK_C52', 'DK_C53', 'DK_C54', 'DK_C55', 'DK_C56', 'DK_C57', 'DK_C58', 'DK_C59', 'DK_C60', 'DK_C61', 'DK_C62', 'DK_C63', 'DK_C64', 'DK_C65', 'DK_C66', 'DK_C67', 'DK_C68', 'DK_C69', 'DK_C70', 'DK_C71', 'DK_C72', 'DK_C73', 'DK_C74', 'DK_C75', 'DK_C76', 'DK_C77', 'DK_C78', 'DK_C79', 'DK_C80', 'DK_C81', 'DK_C82', 'DK_C83', 'DK_C84', 'DK_C85', 'DK_C86', 'DK_C87', 'DK_C88', 'DK_C89', 'DK_C90', 'DK_C91', 'DK_C92', 'DK_C93', 'DK_C94', 'DK_C95', 'DK_C96', 'DK_C97', 'DK_C98', 'DK_C99', 'DK_D00', 'DK_D01', 'DK_D02', 'DK_D03', 'DK_D04', 'DK_D05', 'DK_D06', 'DK_D07', 'DK_D08', 'DK_D09', 'DK_D10', 'DK_D11', 'DK_D12', 'DK_D13', 'DK_D14', 'DK_D15', 'DK_D16', 'DK_D17', 'DK_D18', 'DK_D19', 'DK_D20', 'DK_D21', 'DK_D22', 'DK_D23', 'DK_D24', 'DK_D25', 'DK_D26', 'DK_D27', 'DK_D28', 'DK_D29', 'DK_D30', 'DK_D31', 'DK_D32', 'DK_D33', 'DK_D34', 'DK_D35', 'DK_D36', 'DK_D37', 'DK_D38', 'DK_D39', 'DK_D40', 'DK_D41', 'DK_D42', 'DK_D43', 'DK_D44', 'DK_D45', 'DK_D46', 'DK_D47', 'DK_D48', 'DK_D49', 'DK_D50', 'DK_D51', 'DK_D52', 'DK_D53', 'DK_D54', 'DK_D55', 'DK_D56', 'DK_D57', 'DK_D58', 'DK_D59', 'DK_D60', 'DK_D61', 'DK_D62', 'DK_D63', 'DK_D64', 'DK_D65', 'DK_D66', 'DK_D67', 'DK_D68', 'DK_D69', 'DK_D70', 'DK_D71', 'DK_D72', 'DK_D73', 'DK_D74', 'DK_D75', 'DK_D76', 'DK_D77', 'DK_D78', 'DK_D79', 'DK_D80', 'DK_D81', 'DK_D82', 'DK_D83', 'DK_D84', 'DK_D85', 'DK_D86', 'DK_D87', 'DK_D88', 'DK_D89', 'DK_D90', 'DK_D91', 'DK_D92', 'DK_D93', 'DK_D94', 'DK_D95', 'DK_D96', 'DK_D97', 'DK_D98', 'DK_D99', 'DK_E00', 'DK_E01', 'DK_E02', 'DK_E03', 'DK_E04', 'DK_E05', 'DK_E06', 'DK_E07', 'DK_E08', 'DK_E09', 'DK_E10', 'DK_E11', 'DK_E12', 'DK_E13', 'DK_E14', 'DK_E15', 'DK_E16', 'DK_E17', 'DK_E18', 'DK_E19', 'DK_E20', 'DK_E21', 'DK_E22', 'DK_E23', 'DK_E24', 'DK_E25', 'DK_E26', 'DK_E27', 'DK_E28', 'DK_E29', 'DK_E30', 'DK_E31', 'DK_E32', 'DK_E33', 'DK_E34', 'DK_E35', 'DK_E36', 'DK_E37', 'DK_E38', 'DK_E39', 'DK_E40', 'DK_E41', 'DK_E42', 'DK_E43', 'DK_E44', 'DK_E45', 'DK_E46', 'DK_E47', 'DK_E48', 'DK_E49', 'DK_E50', 'DK_E51', 'DK_E52', 'DK_E53', 'DK_E54', 'DK_E55', 'DK_E56', 'DK_E57', 'DK_E58', 'DK_E59', 'DK_E60', 'DK_E61', 'DK_E62', 'DK_E63', 'DK_E64', 'DK_E65', 'DK_E66', 'DK_E67', 'DK_E68', 'DK_E69', 'DK_E70', 'DK_E71', 'DK_E72', 'DK_E73', 'DK_E74', 'DK_E75', 'DK_E76', 'DK_E77', 'DK_E78', 'DK_E79', 'DK_E80', 'DK_E81', 'DK_E82', 'DK_E83', 'DK_E84', 'DK_E85', 'DK_E86', 'DK_E87', 'DK_E88', 'DK_E89', 'DK_E90', 'DK_E91', 'DK_E92', 'DK_E93', 'DK_E94', 'DK_E95', 'DK_E96', 'DK_E97', 'DK_E98', 'DK_E99', 'DK_F00', 'DK_F01', 'DK_F02', 'DK_F03', 'DK_F04', 'DK_F05', 'DK_F06', 'DK_F07', 'DK_F08', 'DK_F09', 'DK_F10', 'DK_F11', 'DK_F12', 'DK_F13', 'DK_F14', 'DK_F15', 'DK_F16', 'DK_F17', 'DK_F18', 'DK_F19', 'DK_F20', 'DK_F21', 'DK_F22', 'DK_F23', 'DK_F24', 'DK_F25', 'DK_F26', 'DK_F27', 'DK_F28', 'DK_F29', 'DK_F30', 'DK_F31', 'DK_F32', 'DK_F33', 'DK_F34', 'DK_F35', 'DK_F36', 'DK_F37', 'DK_F38', 'DK_F39', 'DK_F40', 'DK_F41', 'DK_F42', 'DK_F43', 'DK_F44', 'DK_F45', 'DK_F46', 'DK_F47', 'DK_F48', 'DK_F49', 'DK_F50', 'DK_F51', 'DK_F52', 'DK_F53', 'DK_F54', 'DK_F55', 'DK_F56', 'DK_F57', 'DK_F58', 'DK_F59', 'DK_F60', 'DK_F61', 'DK_F62', 'DK_F63', 'DK_F64', 'DK_F65', 'DK_F66', 'DK_F67', 'DK_F68', 'DK_F69', 'DK_F70', 'DK_F71', 'DK_F72', 'DK_F73', 'DK_F74', 'DK_F75', 'DK_F76', 'DK_F77', 'DK_F78', 'DK_F79', 'DK_F80', 'DK_F81', 'DK_F82', 'DK_F83', 'DK_F84', 'DK_F85', 'DK_F86', 'DK_F87', 'DK_F88', 'DK_F89', 'DK_F90', 'DK_F91', 'DK_F92', 'DK_F93', 'DK_F94', 'DK_F95', 'DK_F96', 'DK_F97', 'DK_F98', 'DK_F99', 'DK_G00', 'DK_G01', 'DK_G02', 'DK_G03', 'DK_G04', 'DK_G05', 'DK_G06', 'DK_G07', 'DK_G08', 'DK_G09', 'DK_G10', 'DK_G11', 'DK_G12', 'DK_G13', 'DK_G14', 'DK_G15', 'DK_G16', 'DK_G17', 'DK_G18', 'DK_G19', 'DK_G20', 'DK_G21', 'DK_G22', 'DK_G23', 'DK_G24', 'DK_G25', 'DK_G26', 'DK_G27', 'DK_G28', 'DK_G29', 'DK_G30', 'DK_G31', 'DK_G32', 'DK_G33', 'DK_G34', 'DK_G35', 'DK_G36', 'DK_G37', 'DK_G38', 'DK_G39', 'DK_G40', 'DK_G41', 'DK_G42', 'DK_G43', 'DK_G44', 'DK_G45', 'DK_G46', 'DK_G47', 'DK_G48', 'DK_G49', 'DK_G50', 'DK_G51', 'DK_G52', 'DK_G53', 'DK_G54', 'DK_G55', 'DK_G56', 'DK_G57', 'DK_G58', 'DK_G59', 'DK_G60', 'DK_G61', 'DK_G62', 'DK_G63', 'DK_G64', 'DK_G65', 'DK_G66', 'DK_G67', 'DK_G68', 'DK_G69', 'DK_G70', 'DK_G71', 'DK_G72', 'DK_G73', 'DK_G74', 'DK_G75', 'DK_G76', 'DK_G77', 'DK_G78', 'DK_G79', 'DK_G80', 'DK_G81', 'DK_G82', 'DK_G83', 'DK_G84', 'DK_G85', 'DK_G86', 'DK_G87', 'DK_G88', 'DK_G89', 'DK_G90', 'DK_G91', 'DK_G92', 'DK_G93', 'DK_G94', 'DK_G95', 'DK_G96', 'DK_G97', 'DK_G98', 'DK_G99', 'DK_H00', 'DK_H01', 'DK_H02', 'DK_H03', 'DK_H04', 'DK_H05', 'DK_H06', 'DK_H07', 'DK_H08', 'DK_H09', 'DK_H10', 'DK_H11', 'DK_H12', 'DK_H13', 'DK_H14', 'DK_H15', 'DK_H16', 'DK_H17', 'DK_H18', 'DK_H19', 'DK_H20', 'DK_H21', 'DK_H22', 'DK_H23', 'DK_H24', 'DK_H25', 'DK_H26', 'DK_H27', 'DK_H28', 'DK_H29', 'DK_H30', 'DK_H31', 'DK_H32', 'DK_H33', 'DK_H34', 'DK_H35', 'DK_H36', 'DK_H37', 'DK_H38', 'DK_H39', 'DK_H40', 'DK_H41', 'DK_H42', 'DK_H43', 'DK_H44', 'DK_H45', 'DK_H46', 'DK_H47', 'DK_H48', 'DK_H49', 'DK_H50', 'DK_H51', 'DK_H52', 'DK_H53', 'DK_H54', 'DK_H55', 'DK_H56', 'DK_H57', 'DK_H58', 'DK_H59', 'DK_H60', 'DK_H61', 'DK_H62', 'DK_H63', 'DK_H64', 'DK_H65', 'DK_H66', 'DK_H67', 'DK_H68', 'DK_H69', 'DK_H70', 'DK_H71', 'DK_H72', 'DK_H73', 'DK_H74', 'DK_H75', 'DK_H76', 'DK_H77', 'DK_H78', 'DK_H79', 'DK_H80', 'DK_H81', 'DK_H82', 'DK_H83', 'DK_H84', 'DK_H85', 'DK_H86', 'DK_H87', 'DK_H88', 'DK_H89', 'DK_H90', 'DK_H91', 'DK_H92', 'DK_H93', 'DK_H94', 'DK_H95', 'DK_H96', 'DK_H97', 'DK_H98', 'DK_H99', 'DK_I00', 'DK_I01', 'DK_I02', 'DK_I03', 'DK_I04', 'DK_I05', 'DK_I06', 'DK_I07', 'DK_I08', 'DK_I09', 'DK_I10', 'DK_I11', 'DK_I12', 'DK_I13', 'DK_I14', 'DK_I15', 'DK_I16', 'DK_I17', 'DK_I18', 'DK_I19', 'DK_I20', 'DK_I21', 'DK_I22', 'DK_I23', 'DK_I24', 'DK_I25', 'DK_I26', 'DK_I27', 'DK_I28', 'DK_I29', 'DK_I30', 'DK_I31', 'DK_I32', 'DK_I33', 'DK_I34', 'DK_I35', 'DK_I36', 'DK_I37', 'DK_I38', 'DK_I39', 'DK_I40', 'DK_I41', 'DK_I42', 'DK_I43', 'DK_I44', 'DK_I45', 'DK_I46', 'DK_I47', 'DK_I48', 'DK_I49', 'DK_I50', 'DK_I51', 'DK_I52', 'DK_I53', 'DK_I54', 'DK_I55', 'DK_I56', 'DK_I57', 'DK_I58', 'DK_I59', 'DK_I60', 'DK_I61', 'DK_I62', 'DK_I63', 'DK_I64', 'DK_I65', 'DK_I66', 'DK_I67', 'DK_I68', 'DK_I69', 'DK_I70', 'DK_I71', 'DK_I72', 'DK_I73', 'DK_I74', 'DK_I75', 'DK_I76', 'DK_I77', 'DK_I78', 'DK_I79', 'DK_I80', 'DK_I81', 'DK_I82', 'DK_I83', 'DK_I84', 'DK_I85', 'DK_I86', 'DK_I87', 'DK_I88', 'DK_I89', 'DK_I90', 'DK_I91', 'DK_I92', 'DK_I93', 'DK_I94', 'DK_I95', 'DK_I96', 'DK_I97', 'DK_I98', 'DK_I99', 'DK_J00', 'DK_J01', 'DK_J02', 'DK_J03', 'DK_J04', 'DK_J05', 'DK_J06', 'DK_J07', 'DK_J08', 'DK_J09', 'DK_J10', 'DK_J11', 'DK_J12', 'DK_J13', 'DK_J14', 'DK_J15', 'DK_J16', 'DK_J17', 'DK_J18', 'DK_J19', 'DK_J20', 'DK_J21', 'DK_J22', 'DK_J23', 'DK_J24', 'DK_J25', 'DK_J26', 'DK_J27', 'DK_J28', 'DK_J29', 'DK_J30', 'DK_J31', 'DK_J32', 'DK_J33', 'DK_J34', 'DK_J35', 'DK_J36', 'DK_J37', 'DK_J38', 'DK_J39', 'DK_J40', 'DK_J41', 'DK_J42', 'DK_J43', 'DK_J44', 'DK_J45', 'DK_J46', 'DK_J47', 'DK_J48', 'DK_J49', 'DK_J50', 'DK_J51', 'DK_J52', 'DK_J53', 'DK_J54', 'DK_J55', 'DK_J56', 'DK_J57', 'DK_J58', 'DK_J59', 'DK_J60', 'DK_J61', 'DK_J62', 'DK_J63', 'DK_J64', 'DK_J65', 'DK_J66', 'DK_J67', 'DK_J68', 'DK_J69', 'DK_J70', 'DK_J71', 'DK_J72', 'DK_J73', 'DK_J74', 'DK_J75', 'DK_J76', 'DK_J77', 'DK_J78', 'DK_J79', 'DK_J80', 'DK_J81', 'DK_J82', 'DK_J83', 'DK_J84', 'DK_J85', 'DK_J86', 'DK_J87', 'DK_J88', 'DK_J89', 'DK_J90', 'DK_J91', 'DK_J92', 'DK_J93', 'DK_J94', 'DK_J95', 'DK_J96', 'DK_J97', 'DK_J98', 'DK_J99', 'DK_K00', 'DK_K01', 'DK_K02', 'DK_K03', 'DK_K04', 'DK_K05', 'DK_K06', 'DK_K07', 'DK_K08', 'DK_K09', 'DK_K10', 'DK_K11', 'DK_K12', 'DK_K13', 'DK_K14', 'DK_K15', 'DK_K16', 'DK_K17', 'DK_K18', 'DK_K19', 'DK_K20', 'DK_K21', 'DK_K22', 'DK_K23', 'DK_K24', 'DK_K25', 'DK_K26', 'DK_K27', 'DK_K28', 'DK_K29', 'DK_K30', 'DK_K31', 'DK_K32', 'DK_K33', 'DK_K34', 'DK_K35', 'DK_K36', 'DK_K37', 'DK_K38', 'DK_K39', 'DK_K40', 'DK_K41', 'DK_K42', 'DK_K43', 'DK_K44', 'DK_K45', 'DK_K46', 'DK_K47', 'DK_K48', 'DK_K49', 'DK_K50', 'DK_K51', 'DK_K52', 'DK_K53', 'DK_K54', 'DK_K55', 'DK_K56', 'DK_K57', 'DK_K58', 'DK_K59', 'DK_K60', 'DK_K61', 'DK_K62', 'DK_K63', 'DK_K64', 'DK_K65', 'DK_K66', 'DK_K67', 'DK_K68', 'DK_K69', 'DK_K70', 'DK_K71', 'DK_K72', 'DK_K73', 'DK_K74', 'DK_K75', 'DK_K76', 'DK_K77', 'DK_K78', 'DK_K79', 'DK_K80', 'DK_K81', 'DK_K82', 'DK_K83', 'DK_K84', 'DK_K85', 'DK_K86', 'DK_K87', 'DK_K88', 'DK_K89', 'DK_K90', 'DK_K91', 'DK_K92', 'DK_K93', 'DK_K94', 'DK_K95', 'DK_K96', 'DK_K97', 'DK_K98', 'DK_K99', 'DK_L00', 'DK_L01', 'DK_L02', 'DK_L03', 'DK_L04', 'DK_L05', 'DK_L06', 'DK_L07', 'DK_L08', 'DK_L09', 'DK_L10', 'DK_L11', 'DK_L12', 'DK_L13', 'DK_L14', 'DK_L15', 'DK_L16', 'DK_L17', 'DK_L18', 'DK_L19', 'DK_L20', 'DK_L21', 'DK_L22', 'DK_L23', 'DK_L24', 'DK_L25', 'DK_L26', 'DK_L27', 'DK_L28', 'DK_L29', 'DK_L30', 'DK_L31', 'DK_L32', 'DK_L33', 'DK_L34', 'DK_L35', 'DK_L36', 'DK_L37', 'DK_L38', 'DK_L39', 'DK_L40', 'DK_L41', 'DK_L42', 'DK_L43', 'DK_L44', 'DK_L45', 'DK_L46', 'DK_L47', 'DK_L48', 'DK_L49', 'DK_L50', 'DK_L51', 'DK_L52', 'DK_L53', 'DK_L54', 'DK_L55', 'DK_L56', 'DK_L57', 'DK_L58', 'DK_L59', 'DK_L60', 'DK_L61', 'DK_L62', 'DK_L63', 'DK_L64', 'DK_L65', 'DK_L66', 'DK_L67', 'DK_L68', 'DK_L69', 'DK_L70', 'DK_L71', 'DK_L72', 'DK_L73', 'DK_L74', 'DK_L75', 'DK_L76', 'DK_L77', 'DK_L78', 'DK_L79', 'DK_L80', 'DK_L81', 'DK_L82', 'DK_L83', 'DK_L84', 'DK_L85', 'DK_L86', 'DK_L87', 'DK_L88', 'DK_L89', 'DK_L90', 'DK_L91', 'DK_L92', 'DK_L93', 'DK_L94', 'DK_L95', 'DK_L96', 'DK_L97', 'DK_L98', 'DK_L99', 'DK_M00', 'DK_M01', 'DK_M02', 'DK_M03', 'DK_M04', 'DK_M05', 'DK_M06', 'DK_M07', 'DK_M08', 'DK_M09', 'DK_M10', 'DK_M11', 'DK_M12', 'DK_M13', 'DK_M14', 'DK_M15', 'DK_M16', 'DK_M17', 'DK_M18', 'DK_M19', 'DK_M20', 'DK_M21', 'DK_M22', 'DK_M23', 'DK_M24', 'DK_M25', 'DK_M26', 'DK_M27', 'DK_M28', 'DK_M29', 'DK_M30', 'DK_M31', 'DK_M32', 'DK_M33', 'DK_M34', 'DK_M35', 'DK_M36', 'DK_M37', 'DK_M38', 'DK_M39', 'DK_M40', 'DK_M41', 'DK_M42', 'DK_M43', 'DK_M44', 'DK_M45', 'DK_M46', 'DK_M47', 'DK_M48', 'DK_M49', 'DK_M50', 'DK_M51', 'DK_M52', 'DK_M53', 'DK_M54', 'DK_M55', 'DK_M56', 'DK_M57', 'DK_M58', 'DK_M59', 'DK_M60', 'DK_M61', 'DK_M62', 'DK_M63', 'DK_M64', 'DK_M65', 'DK_M66', 'DK_M67', 'DK_M68', 'DK_M69', 'DK_M70', 'DK_M71', 'DK_M72', 'DK_M73', 'DK_M74', 'DK_M75', 'DK_M76', 'DK_M77', 'DK_M78', 'DK_M79', 'DK_M80', 'DK_M81', 'DK_M82', 'DK_M83', 'DK_M84', 'DK_M85', 'DK_M86', 'DK_M87', 'DK_M88', 'DK_M89', 'DK_M90', 'DK_M91', 'DK_M92', 'DK_M93', 'DK_M94', 'DK_M95', 'DK_M96', 'DK_M97', 'DK_M98', 'DK_M99', 'DK_N00', 'DK_N01', 'DK_N02', 'DK_N03', 'DK_N04', 'DK_N05', 'DK_N06', 'DK_N07', 'DK_N08', 'DK_N09', 'DK_N10', 'DK_N11', 'DK_N12', 'DK_N13', 'DK_N14', 'DK_N15', 'DK_N16', 'DK_N17', 'DK_N18', 'DK_N19', 'DK_N20', 'DK_N21', 'DK_N22', 'DK_N23', 'DK_N24', 'DK_N25', 'DK_N26', 'DK_N27', 'DK_N28', 'DK_N29', 'DK_N30', 'DK_N31', 'DK_N32', 'DK_N33', 'DK_N34', 'DK_N35', 'DK_N36', 'DK_N37', 'DK_N38', 'DK_N39', 'DK_N40', 'DK_N41', 'DK_N42', 'DK_N43', 'DK_N44', 'DK_N45', 'DK_N46', 'DK_N47', 'DK_N48', 'DK_N49', 'DK_N50', 'DK_N51', 'DK_N52', 'DK_N53', 'DK_N54', 'DK_N55', 'DK_N56', 'DK_N57', 'DK_N58', 'DK_N59', 'DK_N60', 'DK_N61', 'DK_N62', 'DK_N63', 'DK_N64', 'DK_N65', 'DK_N66', 'DK_N67', 'DK_N68', 'DK_N69', 'DK_N70', 'DK_N71', 'DK_N72', 'DK_N73', 'DK_N74', 'DK_N75', 'DK_N76', 'DK_N77', 'DK_N78', 'DK_N79', 'DK_N80', 'DK_N81', 'DK_N82', 'DK_N83', 'DK_N84', 'DK_N85', 'DK_N86', 'DK_N87', 'DK_N88', 'DK_N89', 'DK_N90', 'DK_N91', 'DK_N92', 'DK_N93', 'DK_N94', 'DK_N95', 'DK_N96', 'DK_N97', 'DK_N98', 'DK_N99', 'DK_O00', 'DK_O01', 'DK_O02', 'DK_O03', 'DK_O04', 'DK_O05', 'DK_O06', 'DK_O07', 'DK_O08', 'DK_O09', 'DK_O10', 'DK_O11', 'DK_O12', 'DK_O13', 'DK_O14', 'DK_O15', 'DK_O16', 'DK_O17', 'DK_O18', 'DK_O19', 'DK_O20', 'DK_O21', 'DK_O22', 'DK_O23', 'DK_O24', 'DK_O25', 'DK_O26', 'DK_O27', 'DK_O28', 'DK_O29', 'DK_O30', 'DK_O31', 'DK_O32', 'DK_O33', 'DK_O34', 'DK_O35', 'DK_O36', 'DK_O37', 'DK_O38', 'DK_O39', 'DK_O40', 'DK_O41', 'DK_O42', 'DK_O43', 'DK_O44', 'DK_O45', 'DK_O46', 'DK_O47', 'DK_O48', 'DK_O49', 'DK_O50', 'DK_O51', 'DK_O52', 'DK_O53', 'DK_O54', 'DK_O55', 'DK_O56', 'DK_O57', 'DK_O58', 'DK_O59', 'DK_O60', 'DK_O61', 'DK_O62', 'DK_O63', 'DK_O64', 'DK_O65', 'DK_O66', 'DK_O67', 'DK_O68', 'DK_O69', 'DK_O70', 'DK_O71', 'DK_O72', 'DK_O73', 'DK_O74', 'DK_O75', 'DK_O76', 'DK_O77', 'DK_O78', 'DK_O79', 'DK_O80', 'DK_O81', 'DK_O82', 'DK_O83', 'DK_O84', 'DK_O85', 'DK_O86', 'DK_O87', 'DK_O88', 'DK_O89', 'DK_O90', 'DK_O91', 'DK_O92', 'DK_O93', 'DK_O94', 'DK_O95', 'DK_O96', 'DK_O97', 'DK_O98', 'DK_O99', 'DK_P00', 'DK_P01', 'DK_P02', 'DK_P03', 'DK_P04', 'DK_P05', 'DK_P06', 'DK_P07', 'DK_P08', 'DK_P09', 'DK_P10', 'DK_P11', 'DK_P12', 'DK_P13', 'DK_P14', 'DK_P15', 'DK_P16', 'DK_P17', 'DK_P18', 'DK_P19', 'DK_P20', 'DK_P21', 'DK_P22', 'DK_P23', 'DK_P24', 'DK_P25', 'DK_P26', 'DK_P27', 'DK_P28', 'DK_P29', 'DK_P30', 'DK_P31', 'DK_P32', 'DK_P33', 'DK_P34', 'DK_P35', 'DK_P36', 'DK_P37', 'DK_P38', 'DK_P39', 'DK_P40', 'DK_P41', 'DK_P42', 'DK_P43', 'DK_P44', 'DK_P45', 'DK_P46', 'DK_P47', 'DK_P48', 'DK_P49', 'DK_P50', 'DK_P51', 'DK_P52', 'DK_P53', 'DK_P54', 'DK_P55', 'DK_P56', 'DK_P57', 'DK_P58', 'DK_P59', 'DK_P60', 'DK_P61', 'DK_P62', 'DK_P63', 'DK_P64', 'DK_P65', 'DK_P66', 'DK_P67', 'DK_P68', 'DK_P69', 'DK_P70', 'DK_P71', 'DK_P72', 'DK_P73', 'DK_P74', 'DK_P75', 'DK_P76', 'DK_P77', 'DK_P78', 'DK_P79', 'DK_P80', 'DK_P81', 'DK_P82', 'DK_P83', 'DK_P84', 'DK_P85', 'DK_P86', 'DK_P87', 'DK_P88', 'DK_P89', 'DK_P90', 'DK_P91', 'DK_P92', 'DK_P93', 'DK_P94', 'DK_P95', 'DK_P96', 'DK_P97', 'DK_P98', 'DK_P99', 'DK_Q00', 'DK_Q01', 'DK_Q02', 'DK_Q03', 'DK_Q04', 'DK_Q05', 'DK_Q06', 'DK_Q07', 'DK_Q08', 'DK_Q09', 'DK_Q10', 'DK_Q11', 'DK_Q12', 'DK_Q13', 'DK_Q14', 'DK_Q15', 'DK_Q16', 'DK_Q17', 'DK_Q18', 'DK_Q19', 'DK_Q20', 'DK_Q21', 'DK_Q22', 'DK_Q23', 'DK_Q24', 'DK_Q25', 'DK_Q26', 'DK_Q27', 'DK_Q28', 'DK_Q29', 'DK_Q30', 'DK_Q31', 'DK_Q32', 'DK_Q33', 'DK_Q34', 'DK_Q35', 'DK_Q36', 'DK_Q37', 'DK_Q38', 'DK_Q39', 'DK_Q40', 'DK_Q41', 'DK_Q42', 'DK_Q43', 'DK_Q44', 'DK_Q45', 'DK_Q46', 'DK_Q47', 'DK_Q48', 'DK_Q49', 'DK_Q50', 'DK_Q51', 'DK_Q52', 'DK_Q53', 'DK_Q54', 'DK_Q55', 'DK_Q56', 'DK_Q57', 'DK_Q58', 'DK_Q59', 'DK_Q60', 'DK_Q61', 'DK_Q62', 'DK_Q63', 'DK_Q64', 'DK_Q65', 'DK_Q66', 'DK_Q67', 'DK_Q68', 'DK_Q69', 'DK_Q70', 'DK_Q71', 'DK_Q72', 'DK_Q73', 'DK_Q74', 'DK_Q75', 'DK_Q76', 'DK_Q77', 'DK_Q78', 'DK_Q79', 'DK_Q80', 'DK_Q81', 'DK_Q82', 'DK_Q83', 'DK_Q84', 'DK_Q85', 'DK_Q86', 'DK_Q87', 'DK_Q88', 'DK_Q89', 'DK_Q90', 'DK_Q91', 'DK_Q92', 'DK_Q93', 'DK_Q94', 'DK_Q95', 'DK_Q96', 'DK_Q97', 'DK_Q98', 'DK_Q99', 'DK_R00', 'DK_R01', 'DK_R02', 'DK_R03', 'DK_R04', 'DK_R05', 'DK_R06', 'DK_R07', 'DK_R08', 'DK_R09', 'DK_R10', 'DK_R11', 'DK_R12', 'DK_R13', 'DK_R14', 'DK_R15', 'DK_R16', 'DK_R17', 'DK_R18', 'DK_R19', 'DK_R20', 'DK_R21', 'DK_R22', 'DK_R23', 'DK_R24', 'DK_R25', 'DK_R26', 'DK_R27', 'DK_R28', 'DK_R29', 'DK_R30', 'DK_R31', 'DK_R32', 'DK_R33', 'DK_R34', 'DK_R35', 'DK_R36', 'DK_R37', 'DK_R38', 'DK_R39', 'DK_R40', 'DK_R41', 'DK_R42', 'DK_R43', 'DK_R44', 'DK_R45', 'DK_R46', 'DK_R47', 'DK_R48', 'DK_R49', 'DK_R50', 'DK_R51', 'DK_R52', 'DK_R53', 'DK_R54', 'DK_R55', 'DK_R56', 'DK_R57', 'DK_R58', 'DK_R59', 'DK_R60', 'DK_R61', 'DK_R62', 'DK_R63', 'DK_R64', 'DK_R65', 'DK_R66', 'DK_R67', 'DK_R68', 'DK_R69', 'DK_R70', 'DK_R71', 'DK_R72', 'DK_R73', 'DK_R74', 'DK_R75', 'DK_R76', 'DK_R77', 'DK_R78', 'DK_R79', 'DK_R80', 'DK_R81', 'DK_R82', 'DK_R83', 'DK_R84', 'DK_R85', 'DK_R86', 'DK_R87', 'DK_R88', 'DK_R89', 'DK_R90', 'DK_R91', 'DK_R92', 'DK_R93', 'DK_R94', 'DK_R95', 'DK_R96', 'DK_R97', 'DK_R98', 'DK_R99', 'DK_S00', 'DK_S01', 'DK_S02', 'DK_S03', 'DK_S04', 'DK_S05', 'DK_S06', 'DK_S07', 'DK_S08', 'DK_S09', 'DK_S10', 'DK_S11', 'DK_S12', 'DK_S13', 'DK_S14', 'DK_S15', 'DK_S16', 'DK_S17', 'DK_S18', 'DK_S19', 'DK_S20', 'DK_S21', 'DK_S22', 'DK_S23', 'DK_S24', 'DK_S25', 'DK_S26', 'DK_S27', 'DK_S28', 'DK_S29', 'DK_S30', 'DK_S31', 'DK_S32', 'DK_S33', 'DK_S34', 'DK_S35', 'DK_S36', 'DK_S37', 'DK_S38', 'DK_S39', 'DK_S40', 'DK_S41', 'DK_S42', 'DK_S43', 'DK_S44', 'DK_S45', 'DK_S46', 'DK_S47', 'DK_S48', 'DK_S49', 'DK_S50', 'DK_S51', 'DK_S52', 'DK_S53', 'DK_S54', 'DK_S55', 'DK_S56', 'DK_S57', 'DK_S58', 'DK_S59', 'DK_S60', 'DK_S61', 'DK_S62', 'DK_S63', 'DK_S64', 'DK_S65', 'DK_S66', 'DK_S67', 'DK_S68', 'DK_S69', 'DK_S70', 'DK_S71', 'DK_S72', 'DK_S73', 'DK_S74', 'DK_S75', 'DK_S76', 'DK_S77', 'DK_S78', 'DK_S79', 'DK_S80', 'DK_S81', 'DK_S82', 'DK_S83', 'DK_S84', 'DK_S85', 'DK_S86', 'DK_S87', 'DK_S88', 'DK_S89', 'DK_S90', 'DK_S91', 'DK_S92', 'DK_S93', 'DK_S94', 'DK_S95', 'DK_S96', 'DK_S97', 'DK_S98', 'DK_S99', 'DK_T00', 'DK_T01', 'DK_T02', 'DK_T03', 'DK_T04', 'DK_T05', 'DK_T06', 'DK_T07', 'DK_T08', 'DK_T09', 'DK_T10', 'DK_T11', 'DK_T12', 'DK_T13', 'DK_T14', 'DK_T15', 'DK_T16', 'DK_T17', 'DK_T18', 'DK_T19', 'DK_T20', 'DK_T21', 'DK_T22', 'DK_T23', 'DK_T24', 'DK_T25', 'DK_T26', 'DK_T27', 'DK_T28', 'DK_T29', 'DK_T30', 'DK_T31', 'DK_T32', 'DK_T33', 'DK_T34', 'DK_T35', 'DK_T36', 'DK_T37', 'DK_T38', 'DK_T39', 'DK_T40', 'DK_T41', 'DK_T42', 'DK_T43', 'DK_T44', 'DK_T45', 'DK_T46', 'DK_T47', 'DK_T48', 'DK_T49', 'DK_T50', 'DK_T51', 'DK_T52', 'DK_T53', 'DK_T54', 'DK_T55', 'DK_T56', 'DK_T57', 'DK_T58', 'DK_T59', 'DK_T60', 'DK_T61', 'DK_T62', 'DK_T63', 'DK_T64', 'DK_T65', 'DK_T66', 'DK_T67', 'DK_T68', 'DK_T69', 'DK_T70', 'DK_T71', 'DK_T72', 'DK_T73', 'DK_T74', 'DK_T75', 'DK_T76', 'DK_T77', 'DK_T78', 'DK_T79', 'DK_T80', 'DK_T81', 'DK_T82', 'DK_T83', 'DK_T84', 'DK_T85', 'DK_T86', 'DK_T87', 'DK_T88', 'DK_T89', 'DK_T90', 'DK_T91', 'DK_T92', 'DK_T93', 'DK_T94', 'DK_T95', 'DK_T96', 'DK_T97', 'DK_T98', 'DK_T99', 'DK_U00', 'DK_U01', 'DK_U02', 'DK_U03', 'DK_U04', 'DK_U05', 'DK_U06', 'DK_U07', 'DK_U08', 'DK_U09', 'DK_U10', 'DK_U11', 'DK_U12', 'DK_U13', 'DK_U14', 'DK_U15', 'DK_U16', 'DK_U17', 'DK_U18', 'DK_U19', 'DK_U20', 'DK_U21', 'DK_U22', 'DK_U23', 'DK_U24', 'DK_U25', 'DK_U26', 'DK_U27', 'DK_U28', 'DK_U29', 'DK_U30', 'DK_U31', 'DK_U32', 'DK_U33', 'DK_U34', 'DK_U35', 'DK_U36', 'DK_U37', 'DK_U38', 'DK_U39', 'DK_U40', 'DK_U41', 'DK_U42', 'DK_U43', 'DK_U44', 'DK_U45', 'DK_U46', 'DK_U47', 'DK_U48', 'DK_U49', 'DK_U50', 'DK_U51', 'DK_U52', 'DK_U53', 'DK_U54', 'DK_U55', 'DK_U56', 'DK_U57', 'DK_U58', 'DK_U59', 'DK_U60', 'DK_U61', 'DK_U62', 'DK_U63', 'DK_U64', 'DK_U65', 'DK_U66', 'DK_U67', 'DK_U68', 'DK_U69', 'DK_U70', 'DK_U71', 'DK_U72', 'DK_U73', 'DK_U74', 'DK_U75', 'DK_U76', 'DK_U77', 'DK_U78', 'DK_U79', 'DK_U80', 'DK_U81', 'DK_U82', 'DK_U83', 'DK_U84', 'DK_U85', 'DK_U86', 'DK_U87', 'DK_U88', 'DK_U89', 'DK_U90', 'DK_U91', 'DK_U92', 'DK_U93', 'DK_U94', 'DK_U95', 'DK_U96', 'DK_U97', 'DK_U98', 'DK_U99', 'DK_V00', 'DK_V01', 'DK_V02', 'DK_V03', 'DK_V04', 'DK_V05', 'DK_V06', 'DK_V07', 'DK_V08', 'DK_V09', 'DK_V10', 'DK_V11', 'DK_V12', 'DK_V13', 'DK_V14', 'DK_V15', 'DK_V16', 'DK_V17', 'DK_V18', 'DK_V19', 'DK_V20', 'DK_V21', 'DK_V22', 'DK_V23', 'DK_V24', 'DK_V25', 'DK_V26', 'DK_V27', 'DK_V28', 'DK_V29', 'DK_V30', 'DK_V31', 'DK_V32', 'DK_V33', 'DK_V34', 'DK_V35', 'DK_V36', 'DK_V37', 'DK_V38', 'DK_V39', 'DK_V40', 'DK_V41', 'DK_V42', 'DK_V43', 'DK_V44', 'DK_V45', 'DK_V46', 'DK_V47', 'DK_V48', 'DK_V49', 'DK_V50', 'DK_V51', 'DK_V52', 'DK_V53', 'DK_V54', 'DK_V55', 'DK_V56', 'DK_V57', 'DK_V58', 'DK_V59', 'DK_V60', 'DK_V61', 'DK_V62', 'DK_V63', 'DK_V64', 'DK_V65', 'DK_V66', 'DK_V67', 'DK_V68', 'DK_V69', 'DK_V70', 'DK_V71', 'DK_V72', 'DK_V73', 'DK_V74', 'DK_V75', 'DK_V76', 'DK_V77', 'DK_V78', 'DK_V79', 'DK_V80', 'DK_V81', 'DK_V82', 'DK_V83', 'DK_V84', 'DK_V85', 'DK_V86', 'DK_V87', 'DK_V88', 'DK_V89', 'DK_V90', 'DK_V91', 'DK_V92', 'DK_V93', 'DK_V94', 'DK_V95', 'DK_V96', 'DK_V97', 'DK_V98', 'DK_V99', 'DK_W00', 'DK_W01', 'DK_W02', 'DK_W03', 'DK_W04', 'DK_W05', 'DK_W06', 'DK_W07', 'DK_W08', 'DK_W09', 'DK_W10', 'DK_W11', 'DK_W12', 'DK_W13', 'DK_W14', 'DK_W15', 'DK_W16', 'DK_W17', 'DK_W18', 'DK_W19', 'DK_W20', 'DK_W21', 'DK_W22', 'DK_W23', 'DK_W24', 'DK_W25', 'DK_W26', 'DK_W27', 'DK_W28', 'DK_W29', 'DK_W30', 'DK_W31', 'DK_W32', 'DK_W33', 'DK_W34', 'DK_W35', 'DK_W36', 'DK_W37', 'DK_W38', 'DK_W39', 'DK_W40', 'DK_W41', 'DK_W42', 'DK_W43', 'DK_W44', 'DK_W45', 'DK_W46', 'DK_W47', 'DK_W48', 'DK_W49', 'DK_W50', 'DK_W51', 'DK_W52', 'DK_W53', 'DK_W54', 'DK_W55', 'DK_W56', 'DK_W57', 'DK_W58', 'DK_W59', 'DK_W60', 'DK_W61', 'DK_W62', 'DK_W63', 'DK_W64', 'DK_W65', 'DK_W66', 'DK_W67', 'DK_W68', 'DK_W69', 'DK_W70', 'DK_W71', 'DK_W72', 'DK_W73', 'DK_W74', 'DK_W75', 'DK_W76', 'DK_W77', 'DK_W78', 'DK_W79', 'DK_W80', 'DK_W81', 'DK_W82', 'DK_W83', 'DK_W84', 'DK_W85', 'DK_W86', 'DK_W87', 'DK_W88', 'DK_W89', 'DK_W90', 'DK_W91', 'DK_W92', 'DK_W93', 'DK_W94', 'DK_W95', 'DK_W96', 'DK_W97', 'DK_W98', 'DK_W99', 'DK_X00', 'DK_X01', 'DK_X02', 'DK_X03', 'DK_X04', 'DK_X05', 'DK_X06', 'DK_X07', 'DK_X08', 'DK_X09', 'DK_X10', 'DK_X11', 'DK_X12', 'DK_X13', 'DK_X14', 'DK_X15', 'DK_X16', 'DK_X17', 'DK_X18', 'DK_X19', 'DK_X20', 'DK_X21', 'DK_X22', 'DK_X23', 'DK_X24', 'DK_X25', 'DK_X26', 'DK_X27', 'DK_X28', 'DK_X29', 'DK_X30', 'DK_X31', 'DK_X32', 'DK_X33', 'DK_X34', 'DK_X35', 'DK_X36', 'DK_X37', 'DK_X38', 'DK_X39', 'DK_X40', 'DK_X41', 'DK_X42', 'DK_X43', 'DK_X44', 'DK_X45', 'DK_X46', 'DK_X47', 'DK_X48', 'DK_X49', 'DK_X50', 'DK_X51', 'DK_X52', 'DK_X53', 'DK_X54', 'DK_X55', 'DK_X56', 'DK_X57', 'DK_X58', 'DK_X59', 'DK_X60', 'DK_X61', 'DK_X62', 'DK_X63', 'DK_X64', 'DK_X65', 'DK_X66', 'DK_X67', 'DK_X68', 'DK_X69', 'DK_X70', 'DK_X71', 'DK_X72', 'DK_X73', 'DK_X74', 'DK_X75', 'DK_X76', 'DK_X77', 'DK_X78', 'DK_X79', 'DK_X80', 'DK_X81', 'DK_X82', 'DK_X83', 'DK_X84', 'DK_X85', 'DK_X86', 'DK_X87', 'DK_X88', 'DK_X89', 'DK_X90', 'DK_X91', 'DK_X92', 'DK_X93', 'DK_X94', 'DK_X95', 'DK_X96', 'DK_X97', 'DK_X98', 'DK_X99', 'DK_Y00', 'DK_Y01', 'DK_Y02', 'DK_Y03', 'DK_Y04', 'DK_Y05', 'DK_Y06', 'DK_Y07', 'DK_Y08', 'DK_Y09', 'DK_Y10', 'DK_Y11', 'DK_Y12', 'DK_Y13', 'DK_Y14', 'DK_Y15', 'DK_Y16', 'DK_Y17', 'DK_Y18', 'DK_Y19', 'DK_Y20', 'DK_Y21', 'DK_Y22', 'DK_Y23', 'DK_Y24', 'DK_Y25', 'DK_Y26', 'DK_Y27', 'DK_Y28', 'DK_Y29', 'DK_Y30', 'DK_Y31', 'DK_Y32', 'DK_Y33', 'DK_Y34', 'DK_Y35', 'DK_Y36', 'DK_Y37', 'DK_Y38', 'DK_Y39', 'DK_Y40', 'DK_Y41', 'DK_Y42', 'DK_Y43', 'DK_Y44', 'DK_Y45', 'DK_Y46', 'DK_Y47', 'DK_Y48', 'DK_Y49', 'DK_Y50', 'DK_Y51', 'DK_Y52', 'DK_Y53', 'DK_Y54', 'DK_Y55', 'DK_Y56', 'DK_Y57', 'DK_Y58', 'DK_Y59', 'DK_Y60', 'DK_Y61', 'DK_Y62', 'DK_Y63', 'DK_Y64', 'DK_Y65', 'DK_Y66', 'DK_Y67', 'DK_Y68', 'DK_Y69', 'DK_Y70', 'DK_Y71', 'DK_Y72', 'DK_Y73', 'DK_Y74', 'DK_Y75', 'DK_Y76', 'DK_Y77', 'DK_Y78', 'DK_Y79', 'DK_Y80', 'DK_Y81', 'DK_Y82', 'DK_Y83', 'DK_Y84', 'DK_Y85', 'DK_Y86', 'DK_Y87', 'DK_Y88', 'DK_Y89', 'DK_Y90', 'DK_Y91', 'DK_Y92', 'DK_Y93', 'DK_Y94', 'DK_Y95', 'DK_Y96', 'DK_Y97', 'DK_Y98', 'DK_Y99', 'DK_Z00', 'DK_Z01', 'DK_Z02', 'DK_Z03', 'DK_Z04', 'DK_Z05', 'DK_Z06', 'DK_Z07', 'DK_Z08', 'DK_Z09', 'DK_Z10', 'DK_Z11', 'DK_Z12', 'DK_Z13', 'DK_Z14', 'DK_Z15', 'DK_Z16', 'DK_Z17', 'DK_Z18', 'DK_Z19', 'DK_Z20', 'DK_Z21', 'DK_Z22', 'DK_Z23', 'DK_Z24', 'DK_Z25', 'DK_Z26', 'DK_Z27', 'DK_Z28', 'DK_Z29', 'DK_Z30', 'DK_Z31', 'DK_Z32', 'DK_Z33', 'DK_Z34', 'DK_Z35', 'DK_Z36', 'DK_Z37', 'DK_Z38', 'DK_Z39', 'DK_Z40', 'DK_Z41', 'DK_Z42', 'DK_Z43', 'DK_Z44', 'DK_Z45', 'DK_Z46', 'DK_Z47', 'DK_Z48', 'DK_Z49', 'DK_Z50', 'DK_Z51', 'DK_Z52', 'DK_Z53', 'DK_Z54', 'DK_Z55', 'DK_Z56', 'DK_Z57', 'DK_Z58', 'DK_Z59', 'DK_Z60', 'DK_Z61', 'DK_Z62', 'DK_Z63', 'DK_Z64', 'DK_Z65', 'DK_Z66', 'DK_Z67', 'DK_Z68', 'DK_Z69', 'DK_Z70', 'DK_Z71', 'DK_Z72', 'DK_Z73', 'DK_Z74', 'DK_Z75', 'DK_Z76', 'DK_Z77', 'DK_Z78', 'DK_Z79', 'DK_Z80', 'DK_Z81', 'DK_Z82', 'DK_Z83', 'DK_Z84', 'DK_Z85', 'DK_Z86', 'DK_Z87', 'DK_Z88', 'DK_Z89', 'DK_Z90', 'DK_Z91', 'DK_Z92', 'DK_Z93', 'DK_Z94', 'DK_Z95', 'DK_Z96', 'DK_Z97', 'DK_Z98', 'DK_Z99']
df.shape: (63104, 2863)
/scicore/home/vogtju/towyku74/projects/PATREC/data/data_patrec_20162017_CHOP_verylightgrouping.csv
num group names: 101
['Fall', 'CHOP_00', 'CHOP_01', 'CHOP_02', 'CHOP_03', 'CHOP_04', 'CHOP_05', 'CHOP_06', 'CHOP_07', 'CHOP_08', 'CHOP_09', 'CHOP_10', 'CHOP_11', 'CHOP_12', 'CHOP_13', 'CHOP_14', 'CHOP_15', 'CHOP_16', 'CHOP_17', 'CHOP_18', 'CHOP_19', 'CHOP_20', 'CHOP_21', 'CHOP_22', 'CHOP_23', 'CHOP_24', 'CHOP_25', 'CHOP_26', 'CHOP_27', 'CHOP_28', 'CHOP_29', 'CHOP_30', 'CHOP_31', 'CHOP_32', 'CHOP_33', 'CHOP_34', 'CHOP_35', 'CHOP_36', 'CHOP_37', 'CHOP_38', 'CHOP_39', 'CHOP_40', 'CHOP_41', 'CHOP_42', 'CHOP_43', 'CHOP_44', 'CHOP_45', 'CHOP_46', 'CHOP_47', 'CHOP_48', 'CHOP_49', 'CHOP_50', 'CHOP_51', 'CHOP_52', 'CHOP_53', 'CHOP_54', 'CHOP_55', 'CHOP_56', 'CHOP_57', 'CHOP_58', 'CHOP_59', 'CHOP_60', 'CHOP_61', 'CHOP_62', 'CHOP_63', 'CHOP_64', 'CHOP_65', 'CHOP_66', 'CHOP_67', 'CHOP_68', 'CHOP_69', 'CHOP_70', 'CHOP_71', 'CHOP_72', 'CHOP_73', 'CHOP_74', 'CHOP_75', 'CHOP_76', 'CHOP_77', 'CHOP_78', 'CHOP_79', 'CHOP_80', 'CHOP_81', 'CHOP_82', 'CHOP_83', 'CHOP_84', 'CHOP_85', 'CHOP_86', 'CHOP_87', 'CHOP_88', 'CHOP_89', 'CHOP_90', 'CHOP_91', 'CHOP_92', 'CHOP_93', 'CHOP_94', 'CHOP_95', 'CHOP_96', 'CHOP_97', 'CHOP_98', 'CHOP_99']
df.shape: (63112, 2963)
df_finish.shape: (63112, 2963)
